0 info it worked if it ends with ok
1 verbose cli [ '/usr/local/Cellar/node/6.2.1/bin/node',
1 verbose cli   '/Users/cagatay/.npm-packages/bin/npm',
1 verbose cli   'publish' ]
2 info using npm@3.10.9
3 info using node@v7.2.0
4 verbose publish [ '.' ]
5 silly cache add args [ '.', null ]
6 verbose cache add spec .
7 silly cache add parsed spec Result {
7 silly cache add   raw: '.',
7 silly cache add   scope: null,
7 silly cache add   escapedName: null,
7 silly cache add   name: null,
7 silly cache add   rawSpec: '.',
7 silly cache add   spec: '/Users/cagatay/Desktop/docker-network',
7 silly cache add   type: 'directory' }
8 verbose addLocalDirectory /Users/cagatay/.npm/docker-network/1.0.11/package.tgz not in flight; packing
9 verbose correctMkdir /Users/cagatay/.npm correctMkdir not in flight; initializing
10 info lifecycle docker-network@1.0.11~prepublish: docker-network@1.0.11
11 silly lifecycle docker-network@1.0.11~prepublish: no script for prepublish, continuing
12 verbose tar pack [ '/Users/cagatay/.npm/docker-network/1.0.11/package.tgz',
12 verbose tar pack   '/Users/cagatay/Desktop/docker-network' ]
13 verbose tarball /Users/cagatay/.npm/docker-network/1.0.11/package.tgz
14 verbose folder /Users/cagatay/Desktop/docker-network
15 verbose addLocalTarball adding from inside cache /Users/cagatay/.npm/docker-network/1.0.11/package.tgz
16 verbose correctMkdir /Users/cagatay/.npm correctMkdir not in flight; initializing
17 silly cache afterAdd docker-network@1.0.11
18 verbose afterAdd /Users/cagatay/.npm/docker-network/1.0.11/package/package.json not in flight; writing
19 verbose correctMkdir /Users/cagatay/.npm correctMkdir not in flight; initializing
20 verbose afterAdd /Users/cagatay/.npm/docker-network/1.0.11/package/package.json written
21 silly publish { name: 'docker-network',
21 silly publish   version: '1.0.11',
21 silly publish   description: 'Docker container ip finder',
21 silly publish   main: 'index.js',
21 silly publish   scripts: { test: 'node index.js' },
21 silly publish   bin: { dockerNetwork: './index.js' },
21 silly publish   repository:
21 silly publish    { type: 'git',
21 silly publish      url: 'git+https://github.com/svtek/docker-network.git' },
21 silly publish   keywords: [ 'docker', 'npm', 'docker', 'network' ],
21 silly publish   author: { name: 'Çağatay ÇALI' },
21 silly publish   license: 'ISC',
21 silly publish   bugs: { url: 'https://github.com/svtek/docker-network/issues' },
21 silly publish   homepage: 'https://github.com/svtek/docker-network#readme',
21 silly publish   dependencies: { commander: '^2.9.0', 'update-notifier': '^1.0.2' },
21 silly publish   readme: '# Why?\n\n[Why docker?](https://blog.codeship.com/why-docker/)\n\nBecause docker network ip finder doesn\'t exist.\n\n# Installing\n\nsudo npm i docker-network\n\n# Using\n\ndockerNetwork -c containerId\n\n![GIF](dockerNetwork.gif)\n\nMaintenance & Development [cagataycali](http://github.com/cagataycali)\n',
21 silly publish   readmeFilename: 'README.md',
21 silly publish   gitHead: '749620e6ffc820bda0cd464cbf75be44fda24460',
21 silly publish   _id: 'docker-network@1.0.11',
21 silly publish   _shasum: '1f4d812498c683ecd3bcbfb2760918613acdf452',
21 silly publish   _from: '.' }
22 verbose getPublishConfig undefined
23 silly mapToRegistry name docker-network
24 silly mapToRegistry using default registry
25 silly mapToRegistry registry https://registry.npmjs.org/
26 silly mapToRegistry data Result {
26 silly mapToRegistry   raw: 'docker-network',
26 silly mapToRegistry   scope: null,
26 silly mapToRegistry   escapedName: 'docker-network',
26 silly mapToRegistry   name: 'docker-network',
26 silly mapToRegistry   rawSpec: '',
26 silly mapToRegistry   spec: 'latest',
26 silly mapToRegistry   type: 'tag' }
27 silly mapToRegistry uri https://registry.npmjs.org/docker-network
28 verbose publish registryBase https://registry.npmjs.org/
29 silly publish uploading /Users/cagatay/.npm/docker-network/1.0.11/package.tgz
30 verbose request uri https://registry.npmjs.org/docker-network
31 verbose request sending authorization for write operation
32 info attempt registry request try #1 at 7:54:00 AM
33 verbose request using bearer token for auth
34 verbose request id 1a00bd7fbb87d818
35 http request PUT https://registry.npmjs.org/docker-network
36 http 403 https://registry.npmjs.org/docker-network
37 verbose headers { 'content-type': 'application/json',
37 verbose headers   'cache-control': 'max-age=300',
37 verbose headers   'content-length': '96',
37 verbose headers   'accept-ranges': 'bytes',
37 verbose headers   date: 'Thu, 08 Dec 2016 15:54:38 GMT',
37 verbose headers   via: '1.1 varnish',
37 verbose headers   connection: 'keep-alive',
37 verbose headers   'x-served-by': 'cache-fra1232-FRA',
37 verbose headers   'x-cache': 'MISS',
37 verbose headers   'x-cache-hits': '0',
37 verbose headers   'x-timer': 'S1481212441.343015,VS0,VE37202',
37 verbose headers   vary: 'Accept-Encoding' }
38 verbose request invalidating /Users/cagatay/.npm/registry.npmjs.org/docker-network on PUT
39 error publish Failed PUT 403
40 verbose stack Error: "You cannot publish over the previously published version 1.0.11." : docker-network
40 verbose stack     at makeError (/Users/cagatay/.npm-packages/lib/node_modules/npm/node_modules/npm-registry-client/lib/request.js:302:12)
40 verbose stack     at CachingRegistryClient.<anonymous> (/Users/cagatay/.npm-packages/lib/node_modules/npm/node_modules/npm-registry-client/lib/request.js:290:14)
40 verbose stack     at Request._callback (/Users/cagatay/.npm-packages/lib/node_modules/npm/node_modules/npm-registry-client/lib/request.js:210:14)
40 verbose stack     at Request.self.callback (/Users/cagatay/.npm-packages/lib/node_modules/npm/node_modules/request/request.js:187:22)
40 verbose stack     at emitTwo (events.js:106:13)
40 verbose stack     at Request.emit (events.js:191:7)
40 verbose stack     at Request.<anonymous> (/Users/cagatay/.npm-packages/lib/node_modules/npm/node_modules/request/request.js:1048:10)
40 verbose stack     at emitOne (events.js:96:13)
40 verbose stack     at Request.emit (events.js:188:7)
40 verbose stack     at IncomingMessage.<anonymous> (/Users/cagatay/.npm-packages/lib/node_modules/npm/node_modules/request/request.js:969:12)
41 verbose statusCode 403
42 verbose pkgid docker-network
43 verbose cwd /Users/cagatay/Desktop/docker-network
44 error Darwin 16.3.0
45 error argv "/usr/local/Cellar/node/6.2.1/bin/node" "/Users/cagatay/.npm-packages/bin/npm" "publish"
46 error node v7.2.0
47 error npm  v3.10.9
48 error code E403
49 error "You cannot publish over the previously published version 1.0.11." : docker-network
50 error If you need help, you may report this error at:
50 error     <https://github.com/npm/npm/issues>
51 verbose exit [ 1, true ]
